<?xml version="1.0" encoding="UTF-8"?>
<testsuite xmlns:xsi="http://www.w3.org/2001/XMLSchema-instance" xsi:noNamespaceSchemaLocation="https://maven.apache.org/surefire/maven-surefire-plugin/xsd/surefire-test-report.xsd" name="StackTest" time="0.039" tests="8" errors="0" skipped="0" failures="0">
  <properties>
[...]
</properties>
  <testcase name="ShowingEval" classname="StackTest" time="0.02"/>
  <testcase name="Testinginfixtopostfixconversion" classname="StackTest" time="0.003"/>
  <testcase name="TestingPushTwoObjs" classname="StackTest" time="0.001"/>
  <testcase name="isNumberFalse" classname="StackTest" time="0.001"/>
  <testcase name="TestingPushOneObj" classname="StackTest" time="0.001"/>
  <testcase name="EvaluatFunctionTesting" classname="StackTest" time="0.001"/>
  <testcase name="TestingPostfixSolutions" classname="StackTest" time="0.001"/>
  <testcase name="isNumberTesting" classname="StackTest" time="0.001"/>
</testsuite>